<?xml version="1.0" encoding="UTF-8"?>
<!-- Generated by org.testng.reporters.JUnitReportReporter -->
<testsuite skipped="0" hostname="DESKTOP-UOSJI6I" name="com.dummy.FilloReader" tests="1" failures="0" timestamp="2021-08-18T21:26:11 IST" time="9.698" errors="0">
  <testcase name="test" time="9.698" classname="com.dummy.FilloReader"/>
  <system-out/>
</testsuite> <!-- com.dummy.FilloReader -->
