<?xml version="1.0" encoding="UTF-8"?>
<!-- Generated by org.testng.reporters.JUnitReportReporter -->
<testsuite skipped="0" hostname="DESKTOP-UOSJI6I" name="com.advanced.AppliToolsEg2" tests="1" failures="0" timestamp="2021-09-02T14:47:12 IST" time="33.419" errors="1">
  <testcase name="amazonHomeTest" time="33.419" classname="com.advanced.AppliToolsEg2">
    <error type="java.lang.Error" message="com.applitools.eyes.exceptions.DiffsFoundException: Test &#039;HomepageTest&#039; of &#039;AMAZON&#039; detected differences! See details at: https://eyes.applitools.com/app/batches/00000251771726558442/00000251771726557770?accountId=QKUEPqUVf0KqVuYaQOVD-A~~">
      <![CDATA[java.lang.Error: com.applitools.eyes.exceptions.DiffsFoundException: Test 'HomepageTest' of 'AMAZON' detected differences! See details at: https://eyes.applitools.com/app/batches/00000251771726558442/00000251771726557770?accountId=QKUEPqUVf0KqVuYaQOVD-A~~
at com.applitools.eyes.selenium.SeleniumEyes.close(SeleniumEyes.java:1769)
at com.applitools.eyes.selenium.Eyes.close(Eyes.java:479)
at com.applitools.eyes.selenium.Eyes.close(Eyes.java:199)
at com.advanced.AppliToolsEg2.amazonHomeTest(AppliToolsEg2.java:49)
at sun.reflect.NativeMethodAccessorImpl.invoke0(Native Method)
at sun.reflect.NativeMethodAccessorImpl.invoke(Unknown Source)
at sun.reflect.DelegatingMethodAccessorImpl.invoke(Unknown Source)
at java.lang.reflect.Method.invoke(Unknown Source)
at org.testng.internal.MethodInvocationHelper.invokeMethod(MethodInvocationHelper.java:133)
at org.testng.internal.TestInvoker.invokeMethod(TestInvoker.java:598)
at org.testng.internal.TestInvoker.invokeTestMethod(TestInvoker.java:173)
at org.testng.internal.MethodRunner.runInSequence(MethodRunner.java:46)
at org.testng.internal.TestInvoker$MethodInvocationAgent.invoke(TestInvoker.java:824)
at org.testng.internal.TestInvoker.invokeTestMethods(TestInvoker.java:146)
at org.testng.internal.TestMethodWorker.invokeTestMethods(TestMethodWorker.java:146)
at org.testng.internal.TestMethodWorker.run(TestMethodWorker.java:128)
at java.util.ArrayList.forEach(Unknown Source)
at org.testng.TestRunner.privateRun(TestRunner.java:794)
at org.testng.TestRunner.run(TestRunner.java:596)
at org.testng.SuiteRunner.runTest(SuiteRunner.java:377)
at org.testng.SuiteRunner.runSequentially(SuiteRunner.java:371)
at org.testng.SuiteRunner.privateRun(SuiteRunner.java:332)
at org.testng.SuiteRunner.run(SuiteRunner.java:276)
at org.testng.SuiteRunnerWorker.runSuite(SuiteRunnerWorker.java:53)
at org.testng.SuiteRunnerWorker.run(SuiteRunnerWorker.java:96)
at org.testng.TestNG.runSuitesSequentially(TestNG.java:1212)
at org.testng.TestNG.runSuitesLocally(TestNG.java:1134)
at org.testng.TestNG.runSuites(TestNG.java:1063)
at org.testng.TestNG.run(TestNG.java:1031)
at org.testng.remote.AbstractRemoteTestNG.run(AbstractRemoteTestNG.java:115)
at org.testng.remote.RemoteTestNG.initAndRun(RemoteTestNG.java:251)
at org.testng.remote.RemoteTestNG.main(RemoteTestNG.java:77)
Caused by: com.applitools.eyes.exceptions.DiffsFoundException: Test 'HomepageTest' of 'AMAZON' detected differences! See details at: https://eyes.applitools.com/app/batches/00000251771726558442/00000251771726557770?accountId=QKUEPqUVf0KqVuYaQOVD-A~~
at com.applitools.eyes.EyesBase.logSessionResultsAndThrowException(EyesBase.java:560)
at com.applitools.eyes.RunningTest.closeCompleted(RunningTest.java:87)
at com.applitools.eyes.selenium.SeleniumEyes.close(SeleniumEyes.java:1761)
... 31 more
]]>
    </error>
  </testcase> <!-- amazonHomeTest -->
  <system-out/>
</testsuite> <!-- com.advanced.AppliToolsEg2 -->
