<?xml version="1.0" encoding="UTF-8"?>
<!-- Generated by org.testng.reporters.JUnitReportReporter -->
<testsuite skipped="0" hostname="DESKTOP-UOSJI6I" name="com.testngExercise.FullScreenShot" tests="1" failures="0" timestamp="2021-10-16T10:48:22 IST" time="27.670" errors="0">
  <testcase name="ssTest" time="27.670" classname="com.testngExercise.FullScreenShot"/>
  <system-out/>
</testsuite> <!-- com.testngExercise.FullScreenShot -->
