<?xml version="1.0" encoding="UTF-8"?>
<!-- Generated by org.testng.reporters.JUnitReportReporter -->
<testsuite hostname="DESKTOP-UOSJI6I" failures="0" tests="2" name="com.advanced.AddingAdBlockerExtension" time="69.009" errors="0" timestamp="2022-12-11T15:33:32 IST" skipped="0">
  <testcase classname="com.advanced.AddingAdBlockerExtension" name="withoutAdsTest" time="36.395"/>
  <system-out/>
  <testcase classname="com.advanced.AddingAdBlockerExtension" name="withoutAdsTest2" time="32.614"/>
  <system-out/>
</testsuite> <!-- com.advanced.AddingAdBlockerExtension -->
