<?xml version="1.0" encoding="UTF-8"?>
<!-- Generated by org.testng.reporters.JUnitReportReporter -->
<testsuite hostname="DESKTOP-UOSJI6I" failures="0" tests="1" name="com.advanced.VisualValidationOfPDFS" time="0.055" errors="0" timestamp="2023-03-04T13:02:32 IST" skipped="0">
  <testcase classname="com.advanced.VisualValidationOfPDFS" name="pdfValidationTest" time="0.055"/>
  <system-out/>
</testsuite> <!-- com.advanced.VisualValidationOfPDFS -->
