<?xml version="1.0" encoding="UTF-8"?>
<!-- Generated by org.testng.reporters.JUnitReportReporter -->
<testsuite hostname="DESKTOP-UOSJI6I" failures="0" tests="3" name="com.advanced.ReadDataFromJsonFile" time="4.740" errors="0" timestamp="2022-12-16T22:12:06 IST" skipped="0">
  <testcase classname="com.advanced.ReadDataFromJsonFile" name="login" time="2.792"/>
  <system-out/>
  <testcase classname="com.advanced.ReadDataFromJsonFile" name="login" time="0.591"/>
  <system-out/>
  <testcase classname="com.advanced.ReadDataFromJsonFile" name="login" time="1.357"/>
  <system-out/>
</testsuite> <!-- com.advanced.ReadDataFromJsonFile -->
