<?xml version="1.0" encoding="UTF-8"?>
<!-- Generated by org.testng.reporters.JUnitReportReporter -->
<testsuite skipped="0" hostname="DESKTOP-UOSJI6I" name="com.testcases.LoginPageTest" tests="1" failures="0" timestamp="2021-08-18T18:21:22 IST" time="8.324" errors="0">
  <testcase name="loginTest" time="8.324" classname="com.testcases.LoginPageTest"/>
  <system-out/>
</testsuite> <!-- com.testcases.LoginPageTest -->
