<?xml version="1.0" encoding="UTF-8"?>
<!-- Generated by org.testng.reporters.JUnitReportReporter -->
<testsuite skipped="0" hostname="DESKTOP-UOSJI6I" name="com.advanced.DependentTesting" tests="3" failures="0" timestamp="2021-12-30T11:29:07 IST" time="29.686" errors="0">
  <testcase name="loginActivity" time="0.721" classname="com.advanced.DependentTesting"/>
  <system-out/>
  <testcase name="goToPage" time="22.865" classname="com.advanced.DependentTesting"/>
  <system-out/>
  <testcase name="logout" time="6.100" classname="com.advanced.DependentTesting"/>
  <system-out/>
</testsuite> <!-- com.advanced.DependentTesting -->
