<?xml version="1.0" encoding="UTF-8"?>
<!-- Generated by org.testng.reporters.JUnitReportReporter -->
<testsuite skipped="0" hostname="DESKTOP-UOSJI6I" name="com.testngExercise.DataProviderConcept" tests="2" failures="0" timestamp="2021-08-23T18:23:22 IST" time="22.426" errors="0">
  <testcase name="loginSauceTest" time="7.954" classname="com.testngExercise.DataProviderConcept"/>
  <system-out/>
  <testcase name="loginSauceTest" time="14.472" classname="com.testngExercise.DataProviderConcept"/>
  <system-out/>
</testsuite> <!-- com.testngExercise.DataProviderConcept -->
