<?xml version="1.0" encoding="UTF-8"?>
<!-- Generated by org.testng.reporters.JUnitReportReporter -->
<testsuite hostname="DESKTOP-UOSJI6I" failures="0" tests="1" name="com.advanced.DownloadingAFile" time="10.373" errors="0" timestamp="2023-03-12T11:01:02 IST" skipped="0">
  <testcase classname="com.advanced.DownloadingAFile" name="downloadSomething" time="10.373"/>
  <system-out/>
</testsuite> <!-- com.advanced.DownloadingAFile -->
