<?xml version="1.0" encoding="UTF-8"?>
<!-- Generated by org.testng.reporters.JUnitReportReporter -->
<testsuite hostname="DESKTOP-UOSJI6I" failures="0" tests="1" name="com.advanced.FluentWaitTest" time="40.943" errors="0" timestamp="2023-01-03T22:06:07 IST" skipped="0">
  <testcase classname="com.advanced.FluentWaitTest" name="fetchingDataSpeedTest" time="40.943"/>
  <system-out/>
</testsuite> <!-- com.advanced.FluentWaitTest -->
