<?xml version="1.0" encoding="UTF-8"?>
<!-- Generated by org.testng.reporters.JUnitReportReporter -->
<testsuite hostname="DESKTOP-UOSJI6I" failures="0" tests="3" name="com.advanced.JsonDataDrivenUserForm" time="37.932" errors="0" timestamp="2023-03-19T11:07:24 IST" skipped="0">
  <testcase classname="com.advanced.JsonDataDrivenUserForm" name="setUpTheFormTest" time="12.051"/>
  <system-out/>
  <testcase classname="com.advanced.JsonDataDrivenUserForm" name="setUpTheFormTest" time="11.756"/>
  <system-out/>
  <testcase classname="com.advanced.JsonDataDrivenUserForm" name="setUpTheFormTest" time="14.125"/>
  <system-out/>
</testsuite> <!-- com.advanced.JsonDataDrivenUserForm -->
