<?xml version="1.0" encoding="UTF-8"?>
<!-- Generated by org.testng.reporters.JUnitReportReporter -->
<testsuite skipped="0" hostname="DESKTOP-UOSJI6I" name="com.testcases.HomepageTest" tests="1" failures="0" timestamp="2021-08-18T18:20:14 IST" time="10.086" errors="0">
  <testcase name="addCart" time="10.086" classname="com.testcases.HomepageTest"/>
  <system-out/>
</testsuite> <!-- com.testcases.HomepageTest -->
