<?xml version="1.0" encoding="UTF-8"?>
<!-- Generated by org.testng.reporters.JUnitReportReporter -->
<testsuite hostname="DESKTOP-UOSJI6I" failures="0" tests="1" name="com.FileHandling.MovingaFile" time="56.357" errors="0" timestamp="2023-03-11T19:11:07 IST" skipped="0">
  <testcase classname="com.FileHandling.MovingaFile" name="executePDFTest" time="56.357"/>
  <system-out/>
</testsuite> <!-- com.FileHandling.MovingaFile -->
