<?xml version="1.0" encoding="UTF-8"?>
<!-- Generated by org.testng.reporters.JUnitReportReporter -->
<testsuite hostname="DESKTOP-UOSJI6I" failures="0" tests="1" name="com.advanced.ValidatePDF" time="27.991" errors="0" timestamp="2023-03-05T17:47:51 IST" skipped="0">
  <testcase classname="com.advanced.ValidatePDF" name="testSetup" time="27.991"/>
  <system-out/>
</testsuite> <!-- com.advanced.ValidatePDF -->
