<?xml version="1.0" encoding="UTF-8"?>
<!-- Generated by org.testng.reporters.JUnitReportReporter -->
<testsuite hostname="DESKTOP-UOSJI6I" failures="0" tests="2" name="com.advanced.JsonDataDriven" time="27.983" errors="0" timestamp="2023-03-19T09:58:51 IST" skipped="0">
  <testcase classname="com.advanced.JsonDataDriven" name="loginTest" time="13.166"/>
  <system-out/>
  <testcase classname="com.advanced.JsonDataDriven" name="loginTest" time="14.817"/>
  <system-out/>
</testsuite> <!-- com.advanced.JsonDataDriven -->
