<?xml version="1.0" encoding="UTF-8"?>
<!-- Generated by org.testng.reporters.JUnitReportReporter -->
<testsuite hostname="DESKTOP-UOSJI6I" failures="0" tests="1" name="com.advanced.ClosedShadowDomHandling" time="27.063" errors="0" timestamp="2022-12-11T12:25:04 IST" skipped="0">
  <testcase classname="com.advanced.ClosedShadowDomHandling" name="handlingClosedShadowDomAutomationWebsite" time="27.063"/>
  <system-out/>
</testsuite> <!-- com.advanced.ClosedShadowDomHandling -->
