<?xml version="1.0" encoding="UTF-8"?>
<!-- Generated by org.testng.reporters.JUnitReportReporter -->
<testsuite hostname="DESKTOP-UOSJI6I" failures="0" tests="1" name="com.advanced.HandlingChromeOptionsFunctionality" time="8.872" errors="0" timestamp="2023-01-03T21:12:01 IST" skipped="0">
  <testcase classname="com.advanced.HandlingChromeOptionsFunctionality" name="handlingCookies" time="8.872"/>
  <system-out/>
</testsuite> <!-- com.advanced.HandlingChromeOptionsFunctionality -->
