<?xml version="1.0" encoding="UTF-8"?>
<!-- Generated by org.testng.reporters.JUnitReportReporter -->
<testsuite skipped="0" hostname="DESKTOP-UOSJI6I" name="com.dummy.FiloTest" tests="4" failures="0" timestamp="2021-08-18T20:47:57 IST" time="17.913" errors="0">
  <testcase name="test" time="3.718" classname="com.dummy.FiloTest"/>
  <system-out/>
  <testcase name="test" time="4.143" classname="com.dummy.FiloTest"/>
  <system-out/>
  <testcase name="test" time="5.822" classname="com.dummy.FiloTest"/>
  <system-out/>
  <testcase name="test" time="4.230" classname="com.dummy.FiloTest"/>
  <system-out/>
</testsuite> <!-- com.dummy.FiloTest -->
