<?xml version="1.0" encoding="UTF-8"?>
<!-- Generated by org.testng.reporters.JUnitReportReporter -->
<testsuite hostname="DESKTOP-UOSJI6I" failures="0" tests="1" name="com.advanced.UploadALogo" time="22.262" errors="0" timestamp="2023-03-12T13:08:09 IST" skipped="0">
  <testcase classname="com.advanced.UploadALogo" name="logoUploadingTest" time="22.262"/>
  <system-out/>
</testsuite> <!-- com.advanced.UploadALogo -->
